The HCMV genome (NC_006273.2) has 169 CDS.

sample	condition	min_tpm	med_tpm	mean_tpm	max_tpm
SRR5660033	6	0.0	1976.1	5917.2	177444.0
SRR5660045	6	0.0	1087.0	5917.2	401009.0
SRR5660030	2	0.0	1873.6	5917.2	76823.1
SRR5660044	2	0.0	1904.8	5917.2	222836.0

target_id	test_stat	pval	qval
YP_081530.1	15.1769647980164	9.78903109801321e-05	0.00843877720742568
YP_081547.1	15.0240789183289	0.000106148140973908	0.00843877720742568
YP_081552.1	14.0544442566389	0.000177593652117988	0.00941246356225337
YP_081551.1	12.4644402609067	0.000414772792557405	0.0164872185041569
YP_081577.1	11.8622556890549	0.00057283119398174	0.0177012209759831
YP_081489.1	11.5763183784054	0.000667970602867288	0.0177012209759831
YP_081574.1	11.0339165603048	0.000894599441836986	0.0187540882163934
YP_081521.1	10.8639382043463	0.0009805495394377	0.0187540882163934
YP_081576.1	10.7170075555697	0.00106155216319208	0.0187540882163934
YP_081490.1	10.1907222983242	0.00141149015491879	0.0224426934632088
YP_081522.1	9.39008896866156	0.00218161618028262	0.031534270242267
YP_081561.1	8.94919516868583	0.00277591859030786	0.0367809213215792
YP_081613.1	8.63871095721385	0.00329094199057606	0.0402507520385841
YP_081600.1	8.39498870075195	0.0037625685075905	0.0427320280504921
YP_081520.1	8.25215474926291	0.00407036557757833	0.0431458751223303
YP_081533.1	8.03352840629799	0.00459193014118663	0.0456323057780422
YP_081601.1	7.86881766295848	0.00502945277192959	0.0470401759256944
YP_081595.1	7.68016602442774	0.00558310312920854	0.0493174109746755


sacc	pident	length	qstart	qend	sstart	send	bitscore	evalue	stitle
KP745671.1	100.0	506	31	536	119989	118472	965.0	0.0	KP745671.1 Human herpesvirus 5 strain BE/14/2011, complete genome
KY490074.1	99.802	506	31	536	120309	118792	957.0	0.0	KY490074.1 Human betaherpesvirus 5 strain HANRTR1B, complete genome
MT649474.1	99.802	506	31	536	120064	118547	957.0	0.0	MT649474.1 Human betaherpesvirus 5 strain HAN-SCT13, partial genome
FJ527563.1	99.802	506	31	536	120030	118513	957.0	0.0	FJ527563.1 Human herpesvirus 5 strain AD169, complete genome
JX512200.1	99.802	506	31	536	117921	116404	957.0	0.0	JX512200.1 Human herpesvirus 5 strain HAN2, complete genome
KP745645.1	99.802	506	31	536	120365	118848	957.0	0.0	KP745645.1 Human herpesvirus 5 strain BE/13/2010, complete genome
KP745686.1	99.802	506	31	536	120292	118775	957.0	0.0	KP745686.1 Human herpesvirus 5 strain BE/39/2011, complete genome
KP745698.1	99.209	506	31	536	120033	118516	957.0	0.0	KP745698.1 Human herpesvirus 5 strain BE/20/2011, complete genome
KP745720.1	99.802	506	31	536	120312	118795	957.0	0.0	KP745720.1 Human herpesvirus 5 strain BE/15/2011, complete genome
MN900952.1	99.802	506	31	536	119536	118019	957.0	0.0	MN900952.1 Human betaherpesvirus 5 clone AD169-BAC2, complete genome
